# JRE version: Java(TM) SE Runtime Environment (17.0.2+8) (build 17.0.2+8-LTS-86)
# Java VM: Java HotSpot(TM) 64-Bit Server VM (17.0.2+8-LTS-86, mixed mode, sharing, tiered, compressed oops, compressed class ptrs, g1 gc, windows-amd64)
GC Precious Log:
 CPUs: 8 total, 8 available
 Memory: 8005M
 Large Page Support: Disabled
 NUMA Support: Disabled
 Compressed Oops: Enabled (32-bit)
 Heap Region Size: 1M
 Heap Min Capacity: 8M
 Heap Initial Capacity: 126M
 Heap Max Capacity: 2002M
 Pre-touch: Disabled
 Parallel Workers: 8
 Concurrent Workers: 2
 Concurrent Refinement Workers: 8
 Periodic GC: Disabled
Heap:
 garbage-first heap   total 263168K, used 155903K [0x0000000082e00000, 0x0000000100000000)
  region size 1024K, 2 young (2048K), 1 survivors (1024K)
 Metaspace       used 33755K, committed 34112K, reserved 1081344K
  class space    used 4488K, committed 4672K, reserved 1048576K
GC Heap History (20 events):
Event: 1.103 GC heap before
{Heap before GC invocations=0 (full 0):
 garbage-first heap   total 129024K, used 22528K [0x0000000082e00000, 0x0000000100000000)
  region size 1024K, 23 young (23552K), 0 survivors (0K)
 Metaspace       used 3898K, committed 4096K, reserved 1056768K
  class space    used 420K, committed 512K, reserved 1048576K
}
Event: 1.108 GC heap after
{Heap after GC invocations=1 (full 0):
 garbage-first heap   total 129024K, used 5604K [0x0000000082e00000, 0x0000000100000000)
  region size 1024K, 3 young (3072K), 3 survivors (3072K)
 Metaspace       used 3898K, committed 4096K, reserved 1056768K
  class space    used 420K, committed 512K, reserved 1048576K
}
Event: 2.137 GC heap before
{Heap before GC invocations=1 (full 0):
 garbage-first heap   total 129024K, used 35300K [0x0000000082e00000, 0x0000000100000000)
  region size 1024K, 32 young (32768K), 3 survivors (3072K)
 Metaspace       used 11920K, committed 12096K, reserved 1064960K
  class space    used 1573K, committed 1664K, reserved 1048576K
}
Event: 2.145 GC heap after
{Heap after GC invocations=2 (full 0):
 garbage-first heap   total 129024K, used 9001K [0x0000000082e00000, 0x0000000100000000)
  region size 1024K, 4 young (4096K), 4 survivors (4096K)
 Metaspace       used 11920K, committed 12096K, reserved 1064960K
  class space    used 1573K, committed 1664K, reserved 1048576K
}
Event: 8.296 GC heap before
{Heap before GC invocations=2 (full 0):
 garbage-first heap   total 129024K, used 65321K [0x0000000082e00000, 0x0000000100000000)
  region size 1024K, 51 young (52224K), 4 survivors (4096K)
 Metaspace       used 21229K, committed 21504K, reserved 1073152K
  class space    used 3029K, committed 3200K, reserved 1048576K
}
Event: 8.303 GC heap after
{Heap after GC invocations=3 (full 0):
 garbage-first heap   total 129024K, used 22736K [0x0000000082e00000, 0x0000000100000000)
  region size 1024K, 8 young (8192K), 8 survivors (8192K)
 Metaspace       used 21229K, committed 21504K, reserved 1073152K
  class space    used 3029K, committed 3200K, reserved 1048576K
}
Event: 40.785 GC heap before
{Heap before GC invocations=4 (full 0):
 garbage-first heap   total 81920K, used 63696K [0x0000000082e00000, 0x0000000100000000)
  region size 1024K, 48 young (49152K), 8 survivors (8192K)
 Metaspace       used 31362K, committed 31744K, reserved 1081344K
  class space    used 4216K, committed 4416K, reserved 1048576K
}
Event: 40.793 GC heap after
{Heap after GC invocations=5 (full 0):
 garbage-first heap   total 81920K, used 25558K [0x0000000082e00000, 0x0000000100000000)
  region size 1024K, 4 young (4096K), 4 survivors (4096K)
 Metaspace       used 31362K, committed 31744K, reserved 1081344K
  class space    used 4216K, committed 4416K, reserved 1048576K
}
Event: 40.820 GC heap before
{Heap before GC invocations=5 (full 0):
 garbage-first heap   total 81920K, used 26582K [0x0000000082e00000, 0x0000000100000000)
  region size 1024K, 5 young (5120K), 4 survivors (4096K)
 Metaspace       used 31667K, committed 32000K, reserved 1081344K
  class space    used 4252K, committed 4416K, reserved 1048576K
}
Event: 40.823 GC heap after
{Heap after GC invocations=6 (full 0):
 garbage-first heap   total 81920K, used 25781K [0x0000000082e00000, 0x0000000100000000)
  region size 1024K, 1 young (1024K), 1 survivors (1024K)
 Metaspace       used 31667K, committed 32000K, reserved 1081344K
  class space    used 4252K, committed 4416K, reserved 1048576K
}
Event: 53.003 GC heap before
{Heap before GC invocations=6 (full 0):
 garbage-first heap   total 81920K, used 49333K [0x0000000082e00000, 0x0000000100000000)
  region size 1024K, 15 young (15360K), 1 survivors (1024K)
 Metaspace       used 33456K, committed 33856K, reserved 1081344K
  class space    used 4486K, committed 4672K, reserved 1048576K
}
Event: 53.006 GC heap after
{Heap after GC invocations=7 (full 0):
 garbage-first heap   total 81920K, used 38426K [0x0000000082e00000, 0x0000000100000000)
  region size 1024K, 4 young (4096K), 4 survivors (4096K)
 Metaspace       used 33456K, committed 33856K, reserved 1081344K
  class space    used 4486K, committed 4672K, reserved 1048576K
}
Event: 53.026 GC heap before
{Heap before GC invocations=7 (full 0):
 garbage-first heap   total 81920K, used 40474K [0x0000000082e00000, 0x0000000100000000)
  region size 1024K, 5 young (5120K), 4 survivors (4096K)
 Metaspace       used 33461K, committed 33856K, reserved 1081344K
  class space    used 4486K, committed 4672K, reserved 1048576K
}
Event: 53.029 GC heap after
{Heap after GC invocations=8 (full 0):
 garbage-first heap   total 81920K, used 40703K [0x0000000082e00000, 0x0000000100000000)
  region size 1024K, 1 young (1024K), 1 survivors (1024K)
 Metaspace       used 33461K, committed 33856K, reserved 1081344K
  class space    used 4486K, committed 4672K, reserved 1048576K
}
Event: 65.256 GC heap before
{Heap before GC invocations=9 (full 0):
 garbage-first heap   total 81920K, used 41727K [0x0000000082e00000, 0x0000000100000000)
  region size 1024K, 7 young (7168K), 1 survivors (1024K)
 Metaspace       used 33657K, committed 33984K, reserved 1081344K
  class space    used 4488K, committed 4672K, reserved 1048576K
}
Event: 65.258 GC heap after
{Heap after GC invocations=10 (full 0):
 garbage-first heap   total 81920K, used 38104K [0x0000000082e00000, 0x0000000100000000)
  region size 1024K, 1 young (1024K), 1 survivors (1024K)
 Metaspace       used 33657K, committed 33984K, reserved 1081344K
  class space    used 4488K, committed 4672K, reserved 1048576K
}
Event: 65.314 GC heap before
{Heap before GC invocations=11 (full 0):
 garbage-first heap   total 81920K, used 35032K [0x0000000082e00000, 0x0000000100000000)
  region size 1024K, 2 young (2048K), 1 survivors (1024K)
 Metaspace       used 33660K, committed 33984K, reserved 1081344K
  class space    used 4488K, committed 4672K, reserved 1048576K
}
Event: 65.315 GC heap after
{Heap after GC invocations=12 (full 0):
 garbage-first heap   total 81920K, used 34727K [0x0000000082e00000, 0x0000000100000000)
  region size 1024K, 1 young (1024K), 1 survivors (1024K)
 Metaspace       used 33660K, committed 33984K, reserved 1081344K
  class space    used 4488K, committed 4672K, reserved 1048576K
}
Event: 78.614 GC heap before
{Heap before GC invocations=12 (full 0):
 garbage-first heap   total 81920K, used 47015K [0x0000000082e00000, 0x0000000100000000)
  region size 1024K, 6 young (6144K), 1 survivors (1024K)
 Metaspace       used 33755K, committed 34112K, reserved 1081344K
  class space    used 4488K, committed 4672K, reserved 1048576K
}
Event: 78.616 GC heap after
{Heap after GC invocations=13 (full 0):
 garbage-first heap   total 81920K, used 41215K [0x0000000082e00000, 0x0000000100000000)
  region size 1024K, 1 young (1024K), 1 survivors (1024K)
 Metaspace       used 33755K, committed 34112K, reserved 1081344K
  class space    used 4488K, committed 4672K, reserved 1048576K
}

