# JRE version: Java(TM) SE Runtime Environment (17.0.2+8) (build 17.0.2+8-LTS-86)
# Java VM: Java HotSpot(TM) 64-Bit Server VM (17.0.2+8-LTS-86, mixed mode, sharing, tiered, compressed oops, compressed class ptrs, g1 gc, windows-amd64)
GC Precious Log:
 CPUs: 8 total, 8 available
 Memory: 8005M
 Large Page Support: Disabled
 NUMA Support: Disabled
 Compressed Oops: Enabled (32-bit)
 Heap Region Size: 1M
 Heap Min Capacity: 8M
 Heap Initial Capacity: 126M
 Heap Max Capacity: 2002M
 Pre-touch: Disabled
 Parallel Workers: 8
 Concurrent Workers: 2
 Concurrent Refinement Workers: 8
 Periodic GC: Disabled
Heap:
 garbage-first heap   total 144384K, used 77837K [0x0000000082e00000, 0x0000000100000000)
  region size 1024K, 5 young (5120K), 3 survivors (3072K)
 Metaspace       used 33860K, committed 34176K, reserved 1081344K
  class space    used 4505K, committed 4672K, reserved 1048576K
GC Heap History (20 events):
Event: 24.974 GC heap before
{Heap before GC invocations=8 (full 0):
 garbage-first heap   total 104448K, used 62345K [0x0000000082e00000, 0x0000000100000000)
  region size 1024K, 6 young (6144K), 2 survivors (2048K)
 Metaspace       used 33464K, committed 33856K, reserved 1081344K
  class space    used 4498K, committed 4672K, reserved 1048576K
}
Event: 24.979 GC heap after
{Heap after GC invocations=9 (full 0):
 garbage-first heap   total 104448K, used 61209K [0x0000000082e00000, 0x0000000100000000)
  region size 1024K, 1 young (1024K), 1 survivors (1024K)
 Metaspace       used 33464K, committed 33856K, reserved 1081344K
  class space    used 4498K, committed 4672K, reserved 1048576K
}
Event: 25.179 GC heap before
{Heap before GC invocations=10 (full 0):
 garbage-first heap   total 107520K, used 62233K [0x0000000082e00000, 0x0000000100000000)
  region size 1024K, 2 young (2048K), 1 survivors (1024K)
 Metaspace       used 33495K, committed 33856K, reserved 1081344K
  class space    used 4498K, committed 4672K, reserved 1048576K
}
Event: 25.182 GC heap after
{Heap after GC invocations=11 (full 0):
 garbage-first heap   total 107520K, used 62118K [0x0000000082e00000, 0x0000000100000000)
  region size 1024K, 1 young (1024K), 1 survivors (1024K)
 Metaspace       used 33495K, committed 33856K, reserved 1081344K
  class space    used 4498K, committed 4672K, reserved 1048576K
}
Event: 25.446 GC heap before
{Heap before GC invocations=12 (full 0):
 garbage-first heap   total 109568K, used 63142K [0x0000000082e00000, 0x0000000100000000)
  region size 1024K, 2 young (2048K), 1 survivors (1024K)
 Metaspace       used 33532K, committed 33856K, reserved 1081344K
  class space    used 4498K, committed 4672K, reserved 1048576K
}
Event: 25.448 GC heap after
{Heap after GC invocations=13 (full 0):
 garbage-first heap   total 109568K, used 63136K [0x0000000082e00000, 0x0000000100000000)
  region size 1024K, 1 young (1024K), 1 survivors (1024K)
 Metaspace       used 33532K, committed 33856K, reserved 1081344K
  class space    used 4498K, committed 4672K, reserved 1048576K
}
Event: 25.714 GC heap before
{Heap before GC invocations=14 (full 0):
 garbage-first heap   total 111616K, used 64160K [0x0000000082e00000, 0x0000000100000000)
  region size 1024K, 2 young (2048K), 1 survivors (1024K)
 Metaspace       used 33584K, committed 33920K, reserved 1081344K
  class space    used 4498K, committed 4672K, reserved 1048576K
}
Event: 25.717 GC heap after
{Heap after GC invocations=15 (full 0):
 garbage-first heap   total 111616K, used 64162K [0x0000000082e00000, 0x0000000100000000)
  region size 1024K, 1 young (1024K), 1 survivors (1024K)
 Metaspace       used 33584K, committed 33920K, reserved 1081344K
  class space    used 4498K, committed 4672K, reserved 1048576K
}
Event: 25.953 GC heap before
{Heap before GC invocations=16 (full 0):
 garbage-first heap   total 112640K, used 65186K [0x0000000082e00000, 0x0000000100000000)
  region size 1024K, 2 young (2048K), 1 survivors (1024K)
 Metaspace       used 33609K, committed 33984K, reserved 1081344K
  class space    used 4498K, committed 4672K, reserved 1048576K
}
Event: 25.955 GC heap after
{Heap after GC invocations=17 (full 0):
 garbage-first heap   total 112640K, used 65195K [0x0000000082e00000, 0x0000000100000000)
  region size 1024K, 1 young (1024K), 1 survivors (1024K)
 Metaspace       used 33609K, committed 33984K, reserved 1081344K
  class space    used 4498K, committed 4672K, reserved 1048576K
}
Event: 27.697 GC heap before
{Heap before GC invocations=18 (full 0):
 garbage-first heap   total 114688K, used 67243K [0x0000000082e00000, 0x0000000100000000)
  region size 1024K, 3 young (3072K), 1 survivors (1024K)
 Metaspace       used 33682K, committed 34048K, reserved 1081344K
  class space    used 4498K, committed 4672K, reserved 1048576K
}
Event: 27.701 GC heap after
{Heap after GC invocations=19 (full 0):
 garbage-first heap   total 114688K, used 66225K [0x0000000082e00000, 0x0000000100000000)
  region size 1024K, 1 young (1024K), 1 survivors (1024K)
 Metaspace       used 33682K, committed 34048K, reserved 1081344K
  class space    used 4498K, committed 4672K, reserved 1048576K
}
Event: 28.030 GC heap before
{Heap before GC invocations=20 (full 0):
 garbage-first heap   total 116736K, used 67249K [0x0000000082e00000, 0x0000000100000000)
  region size 1024K, 2 young (2048K), 1 survivors (1024K)
 Metaspace       used 33687K, committed 34048K, reserved 1081344K
  class space    used 4498K, committed 4672K, reserved 1048576K
}
Event: 28.033 GC heap after
{Heap after GC invocations=21 (full 0):
 garbage-first heap   total 116736K, used 67256K [0x0000000082e00000, 0x0000000100000000)
  region size 1024K, 1 young (1024K), 1 survivors (1024K)
 Metaspace       used 33687K, committed 34048K, reserved 1081344K
  class space    used 4498K, committed 4672K, reserved 1048576K
}
Event: 28.252 GC heap before
{Heap before GC invocations=22 (full 0):
 garbage-first heap   total 117760K, used 68280K [0x0000000082e00000, 0x0000000100000000)
  region size 1024K, 2 young (2048K), 1 survivors (1024K)
 Metaspace       used 33691K, committed 34048K, reserved 1081344K
  class space    used 4498K, committed 4672K, reserved 1048576K
}
Event: 28.256 GC heap after
{Heap after GC invocations=23 (full 0):
 garbage-first heap   total 117760K, used 68288K [0x0000000082e00000, 0x0000000100000000)
  region size 1024K, 1 young (1024K), 1 survivors (1024K)
 Metaspace       used 33691K, committed 34048K, reserved 1081344K
  class space    used 4498K, committed 4672K, reserved 1048576K
}
Event: 36.196 GC heap before
{Heap before GC invocations=24 (full 0):
 garbage-first heap   total 119808K, used 74432K [0x0000000082e00000, 0x0000000100000000)
  region size 1024K, 7 young (7168K), 1 survivors (1024K)
 Metaspace       used 33838K, committed 34176K, reserved 1081344K
  class space    used 4503K, committed 4672K, reserved 1048576K
}
Event: 36.198 GC heap after
{Heap after GC invocations=25 (full 0):
 garbage-first heap   total 144384K, used 71057K [0x0000000082e00000, 0x0000000100000000)
  region size 1024K, 3 young (3072K), 3 survivors (3072K)
 Metaspace       used 33838K, committed 34176K, reserved 1081344K
  class space    used 4503K, committed 4672K, reserved 1048576K
}
Event: 36.239 GC heap before
{Heap before GC invocations=26 (full 0):
 garbage-first heap   total 144384K, used 75153K [0x0000000082e00000, 0x0000000100000000)
  region size 1024K, 4 young (4096K), 3 survivors (3072K)
 Metaspace       used 33845K, committed 34176K, reserved 1081344K
  class space    used 4503K, committed 4672K, reserved 1048576K
}
Event: 36.241 GC heap after
{Heap after GC invocations=27 (full 0):
 garbage-first heap   total 144384K, used 74765K [0x0000000082e00000, 0x0000000100000000)
  region size 1024K, 3 young (3072K), 3 survivors (3072K)
 Metaspace       used 33845K, committed 34176K, reserved 1081344K
  class space    used 4503K, committed 4672K, reserved 1048576K
}

